<?xml version="1.0" encoding="UTF-8"?>
<testng-results skipped="0" failed="0" ignored="0" total="2" passed="2">
  <reporter-output>
  </reporter-output>
  <suite name="Default suite" duration-ms="31534" started-at="2019-03-29T09:51:47Z" finished-at="2019-03-29T09:52:19Z">
    <groups>
    </groups>
    <test name="Default test" duration-ms="31534" started-at="2019-03-29T09:51:47Z" finished-at="2019-03-29T09:52:19Z">
      <class name="ClassListner.ListnerTest">
        <test-method status="PASS" signature="Test1()[pri:0, instance:ClassListner.ListnerTest@f777e8]" name="Test1" duration-ms="17645" started-at="2019-03-29T09:51:48Z" finished-at="2019-03-29T09:52:05Z">
          <reporter-output>
          </reporter-output>
        </test-method> <!-- Test1 -->
        <test-method status="PASS" signature="Test2()[pri:0, instance:ClassListner.ListnerTest@f777e8]" name="Test2" duration-ms="13750" started-at="2019-03-29T09:52:05Z" finished-at="2019-03-29T09:52:19Z">
          <reporter-output>
          </reporter-output>
        </test-method> <!-- Test2 -->
      </class> <!-- ClassListner.ListnerTest -->
    </test> <!-- Default test -->
  </suite> <!-- Default suite -->
</testng-results>
